<?xml version="1.0" encoding="UTF-8"?>
<!-- Generated by org.testng.reporters.JUnitReportReporter -->
<testsuite hostname="RAGHUDE440G8" failures="0" tests="1" name="testcases.homePageTC2" time="63.559" errors="0" timestamp="2025-08-10T17:36:11 IST" skipped="0">
  <testcase classname="testcases.homePageTC2" name="tc001_Login" time="63.559"/>
  <system-out/>
</testsuite> <!-- testcases.homePageTC2 -->
