<?xml version="1.0" encoding="UTF-8"?>
<!-- Generated by org.testng.reporters.JUnitReportReporter -->
<testsuite hostname="RAGHUDE440G8" failures="0" tests="1" name="testcases.homePageTC3" time="36.819" errors="0" timestamp="2025-08-10T17:36:11 IST" skipped="0">
  <testcase classname="testcases.homePageTC3" name="tc002_VerifySearchFunctionality" time="36.819"/>
  <system-out/>
</testsuite> <!-- testcases.homePageTC3 -->
