<?xml version="1.0" encoding="UTF-8"?>
<!-- Generated by org.testng.reporters.JUnitReportReporter -->
<testsuite hostname="RAGHUDE440G8" failures="0" tests="1" name="testcases.homePageTC3" time="40.475" errors="0" timestamp="2025-08-08T13:41:01 IST" skipped="0">
  <testcase classname="testcases.homePageTC3" name="tc002_VerifySearchFunctionality" time="40.475"/>
  <system-out/>
</testsuite> <!-- testcases.homePageTC3 -->
