<?xml version="1.0" encoding="UTF-8"?>
<!-- Generated by org.testng.reporters.JUnitReportReporter -->
<testsuite hostname="RAGHUDE440G8" failures="0" tests="1" name="testcases.homePageTC2" time="69.025" errors="0" timestamp="2025-08-08T13:41:01 IST" skipped="0">
  <testcase classname="testcases.homePageTC2" name="tc001_Login" time="69.025"/>
  <system-out/>
</testsuite> <!-- testcases.homePageTC2 -->
